#
# There is insufficient memory for the Java Runtime Environment to continue.
# Native memory allocation (mmap) failed to map 132120576 bytes. Error detail: G1 virtual space
# Possible reasons:
#   The system is out of physical RAM or swap space
#   This process is running with CompressedOops enabled, and the Java Heap may be blocking the growth of the native heap
# Possible solutions:
#   Reduce memory load on the system
#   Increase physical memory or swap space
#   Check if swap backing store is full
#   Decrease Java heap size (-Xmx/-Xms)
#   Decrease number of Java threads
#   Decrease Java thread stack sizes (-Xss)
#   Set larger code cache with -XX:ReservedCodeCacheSize=
#   JVM is running with Unscaled Compressed Oops mode in which the Java heap is
#     placed in the first 4GB address space. The Java Heap base address is the
#     maximum limit for the native heap growth. Please use -XX:HeapBaseMinAddress
#     to set the Java Heap base and to place the Java Heap above 4GB virtual address.
# This output file may be truncated or incomplete.
#
#  Out of Memory Error (os_windows.cpp:3815), pid=13196, tid=8960
#
# JRE version:  (21.0.3+13) (build )
# Java VM: OpenJDK 64-Bit Server VM (21.0.3+13-b509.11, mixed mode, sharing, tiered, compressed oops, compressed class ptrs, g1 gc, windows-amd64)
# No core dump will be written. Minidumps are not enabled by default on client versions of Windows
#

---------------  S U M M A R Y ------------

Command Line: git4idea.http.GitAskPassApp Username for 'https://github.com': 

Host: Intel(R) Core(TM) i7-8565U CPU @ 1.80GHz, 8 cores, 7G,  Windows 10 , 64 bit Build 19041 (10.0.19041.3636)
Time: Mon Sep 23 17:33:34 2024 Hora estándar de Argentina elapsed time: 0.252172 seconds (0d 0h 0m 0s)

---------------  T H R E A D  ---------------

Current thread (0x000001af733d6be0):  JavaThread "Unknown thread" [_thread_in_vm, id=8960, stack(0x0000002e32400000,0x0000002e32500000) (1024K)]

Stack: [0x0000002e32400000,0x0000002e32500000]
Native frames: (J=compiled Java code, j=interpreted, Vv=VM code, C=native code)
V  [jvm.dll+0x6e02f9]
V  [jvm.dll+0x8bd383]
V  [jvm.dll+0x8bf8de]
V  [jvm.dll+0x8bffc3]
V  [jvm.dll+0x2879c6]
V  [jvm.dll+0x6dcac5]
V  [jvm.dll+0x6d0f9a]
V  [jvm.dll+0x35f9bb]
V  [jvm.dll+0x367566]
V  [jvm.dll+0x3b8b56]
V  [jvm.dll+0x3b8e28]
V  [jvm.dll+0x33217c]
V  [jvm.dll+0x332e6b]
V  [jvm.dll+0x8845e9]
V  [jvm.dll+0x3c5f38]
V  [jvm.dll+0x86d80d]
V  [jvm.dll+0x45ab9e]
V  [jvm.dll+0x45c771]
C  [jli.dll+0x52ab]
C  [ucrtbase.dll+0x21bb2]
C  [KERNEL32.DLL+0x17344]
C  [ntdll.dll+0x526b1]


---------------  P R O C E S S  ---------------

Threads class SMR info:
_java_thread_list=0x00007ffdf1d5d108, length=0, elements={
}

Java Threads: ( => current thread )
Total: 0

Other Threads:
  0x000001af76694200 WorkerThread "GC Thread#0"                     [id=25624, stack(0x0000002e32500000,0x0000002e32600000) (1024K)]
  0x000001af766a54e0 ConcurrentGCThread "G1 Main Marker"            [id=26784, stack(0x0000002e32600000,0x0000002e32700000) (1024K)]
  0x000001af766a6c00 WorkerThread "G1 Conc#0"                       [id=7268, stack(0x0000002e32700000,0x0000002e32800000) (1024K)]

[error occurred during error reporting (printing all threads), id 0xc0000005, EXCEPTION_ACCESS_VIOLATION (0xc0000005) at pc=0x00007ffdf14552d7]
VM state: not at safepoint (not fully initialized)

VM Mutex/Monitor currently owned by a thread:  ([mutex/lock_event])
[0x00007ffdf1dd1858] Heap_lock - owner thread: 0x000001af733d6be0

Heap address: 0x0000000083600000, size: 1994 MB, Compressed Oops mode: 32-bit

CDS archive(s) mapped at: [0x0000000000000000-0x0000000000000000-0x0000000000000000), size 0, SharedBaseAddress: 0x0000000800000000, ArchiveRelocationMode: 1.
Narrow klass base: 0x0000000000000000, Narrow klass shift: 0, Narrow klass range: 0x0

GC Precious Log:
 CardTable entry size: 512
 Card Set container configuration: InlinePtr #cards 5 size 8 Array Of Cards #cards 12 size 40 Howl #buckets 4 coarsen threshold 1843 Howl Bitmap #cards 512 size 80 coarsen threshold 460 Card regions per heap region 1 cards per card region 2048

Heap:
 garbage-first heap   total 0K, used 0K [0x0000000083600000, 0x0000000100000000)
  region size 1024K, 0 young (0K), 0 survivors (0K)
 Metaspace       used 0K, committed 0K, reserved 0K
  class space    used 0K, committed 0K, reserved 0K

Heap Regions: E=young(eden), S=young(survivor), O=old, HS=humongous(starts), HC=humongous(continues), CS=collection set, F=free, TAMS=top-at-mark-start, PB=parsable bottom

Card table byte_map: [0x000001af7ac40000,0x000001af7b030000] _byte_map_base: 0x000001af7a825000

Marking Bits: (CMBitMap*) 0x000001af76695110
 Bits: [0x000001af7b030000, 0x000001af7cf58000)

GC Heap History (0 events):
No events

Dll operation events (1 events):
Event: 0.195 Loaded shared library C:\Program Files\JetBrains\IntelliJ IDEA Community Edition 2024.2.1\jbr\bin\java.dll

Deoptimization events (0 events):
No events

Classes loaded (0 events):
No events

Classes unloaded (0 events):
No events

Classes redefined (0 events):
No events

Internal exceptions (0 events):
No events

ZGC Phase Switch (0 events):
No events

VM Operations (0 events):
No events

Events (0 events):
No events


Dynamic libraries:
0x00007ff747850000 - 0x00007ff74785a000 	C:\Program Files\JetBrains\IntelliJ IDEA Community Edition 2024.2.1\jbr\bin\java.exe
0x00007ffed5810000 - 0x00007ffed5a08000 	C:\Windows\SYSTEM32\ntdll.dll
0x00007ffed4560000 - 0x00007ffed461d000 	C:\Windows\System32\KERNEL32.DLL
0x00007ffed3020000 - 0x00007ffed3316000 	C:\Windows\System32\KERNELBASE.dll
0x00007ffed34a0000 - 0x00007ffed35a0000 	C:\Windows\System32\ucrtbase.dll
0x00007ffe94700000 - 0x00007ffe94718000 	C:\Program Files\JetBrains\IntelliJ IDEA Community Edition 2024.2.1\jbr\bin\jli.dll
0x00007ffeac190000 - 0x00007ffeac1ab000 	C:\Program Files\JetBrains\IntelliJ IDEA Community Edition 2024.2.1\jbr\bin\VCRUNTIME140.dll
0x00007ffed46f0000 - 0x00007ffed488f000 	C:\Windows\System32\USER32.dll
0x00007ffed3350000 - 0x00007ffed3372000 	C:\Windows\System32\win32u.dll
0x00007ffed4d70000 - 0x00007ffed4d9b000 	C:\Windows\System32\GDI32.dll
0x00007ffed3380000 - 0x00007ffed3497000 	C:\Windows\System32\gdi32full.dll
0x00007ffed3630000 - 0x00007ffed36cd000 	C:\Windows\System32\msvcp_win.dll
0x00007ffec1170000 - 0x00007ffec140a000 	C:\Windows\WinSxS\amd64_microsoft.windows.common-controls_6595b64144ccf1df_6.0.19041.4355_none_60b8b9eb71f62e16\COMCTL32.dll
0x00007ffed4340000 - 0x00007ffed43de000 	C:\Windows\System32\msvcrt.dll
0x00007ffed41d0000 - 0x00007ffed4202000 	C:\Windows\System32\IMM32.DLL
0x00007ffe5c4b0000 - 0x00007ffe5c60a000 	\\?\JoyDHTAlDirCPdztCmBaC\GLOBAL??\C:\Windows\system32\tmumh\20019\AddOn\8.55.0.1333\TmUmEvt64.dll
0x00007ffed4890000 - 0x00007ffed4898000 	C:\Windows\System32\PSAPI.DLL
0x00007ffed3ff0000 - 0x00007ffed40a0000 	C:\Windows\System32\ADVAPI32.dll
0x00007ffed4fb0000 - 0x00007ffed5050000 	C:\Windows\System32\sechost.dll
0x00007ffed40a0000 - 0x00007ffed41c3000 	C:\Windows\System32\RPCRT4.dll
0x00007ffed3320000 - 0x00007ffed3347000 	C:\Windows\System32\bcrypt.dll
0x0000000052030000 - 0x00000000521ae000 	\\?\JoyDHTAlDirCPdztCmBaC\GLOBAL??\C:\Windows\system32\tmumh\20019\TmMon\2.9.0.1176\tmmon64.dll
0x00007ffeacbc0000 - 0x00007ffeacefe000 	C:\Windows\System32\TmLWE\TmUmSnsr64\1.0.0.1132\TmUmSnsr64.dll
0x00007ffed14f0000 - 0x00007ffed1502000 	C:\Windows\SYSTEM32\kernel.appcore.dll
0x00007ffeb7b10000 - 0x00007ffeb7b1c000 	C:\Program Files\JetBrains\IntelliJ IDEA Community Edition 2024.2.1\jbr\bin\vcruntime140_1.dll
0x00007ffe8ac10000 - 0x00007ffe8ac9d000 	C:\Program Files\JetBrains\IntelliJ IDEA Community Edition 2024.2.1\jbr\bin\msvcp140.dll
0x00007ffdf1110000 - 0x00007ffdf1ec2000 	C:\Program Files\JetBrains\IntelliJ IDEA Community Edition 2024.2.1\jbr\bin\server\jvm.dll
0x00007ffed4620000 - 0x00007ffed468b000 	C:\Windows\System32\WS2_32.dll
0x00007ffed2d10000 - 0x00007ffed2d5b000 	C:\Windows\SYSTEM32\POWRPROF.dll
0x00007ffeb8370000 - 0x00007ffeb8397000 	C:\Windows\SYSTEM32\WINMM.dll
0x00007ffecf1d0000 - 0x00007ffecf1da000 	C:\Windows\SYSTEM32\VERSION.dll
0x00007ffed2cf0000 - 0x00007ffed2d02000 	C:\Windows\SYSTEM32\UMPDC.dll
0x00007ffeaf240000 - 0x00007ffeaf24a000 	C:\Program Files\JetBrains\IntelliJ IDEA Community Edition 2024.2.1\jbr\bin\jimage.dll
0x00007ffed08f0000 - 0x00007ffed0ad4000 	C:\Windows\SYSTEM32\DBGHELP.DLL
0x00007ffeb6850000 - 0x00007ffeb6884000 	C:\Windows\SYSTEM32\dbgcore.DLL
0x00007ffed35a0000 - 0x00007ffed3622000 	C:\Windows\System32\bcryptPrimitives.dll
0x00007ffeaac30000 - 0x00007ffeaac4f000 	C:\Program Files\JetBrains\IntelliJ IDEA Community Edition 2024.2.1\jbr\bin\java.dll

dbghelp: loaded successfully - version: 4.0.5 - missing functions: none
symbol engine: initialized successfully - sym options: 0x614 - pdb path: .;C:\Program Files\JetBrains\IntelliJ IDEA Community Edition 2024.2.1\jbr\bin;C:\Windows\SYSTEM32;C:\Windows\WinSxS\amd64_microsoft.windows.common-controls_6595b64144ccf1df_6.0.19041.4355_none_60b8b9eb71f62e16;\\?\JoyDHTAlDirCPdztCmBaC\GLOBAL??\C:\Windows\system32\tmumh\20019\AddOn\8.55.0.1333;\\?\JoyDHTAlDirCPdztCmBaC\GLOBAL??\C:\Windows\system32\tmumh\20019\TmMon\2.9.0.1176;C:\Windows\System32\TmLWE\TmUmSnsr64\1.0.0.1132;C:\Program Files\JetBrains\IntelliJ IDEA Community Edition 2024.2.1\jbr\bin\server

VM Arguments:
java_command: git4idea.http.GitAskPassApp Username for 'https://github.com': 
java_class_path (initial): C:/Program Files/JetBrains/IntelliJ IDEA Community Edition 2024.2.1/plugins/vcs-git/lib/git4idea-rt.jar;C:/Program Files/JetBrains/IntelliJ IDEA Community Edition 2024.2.1/lib/externalProcess-rt.jar
Launcher Type: SUN_STANDARD

[Global flags]
     intx CICompilerCount                          = 4                                         {product} {ergonomic}
     uint ConcGCThreads                            = 2                                         {product} {ergonomic}
     uint G1ConcRefinementThreads                  = 8                                         {product} {ergonomic}
   size_t G1HeapRegionSize                         = 1048576                                   {product} {ergonomic}
    uintx GCDrainStackTargetSize                   = 64                                        {product} {ergonomic}
   size_t InitialHeapSize                          = 132120576                                 {product} {ergonomic}
   size_t MarkStackSize                            = 4194304                                   {product} {ergonomic}
   size_t MaxHeapSize                              = 2090860544                                {product} {ergonomic}
   size_t MinHeapDeltaBytes                        = 1048576                                   {product} {ergonomic}
   size_t MinHeapSize                              = 8388608                                   {product} {ergonomic}
    uintx NonNMethodCodeHeapSize                   = 5839372                                {pd product} {ergonomic}
    uintx NonProfiledCodeHeapSize                  = 122909434                              {pd product} {ergonomic}
    uintx ProfiledCodeHeapSize                     = 122909434                              {pd product} {ergonomic}
    uintx ReservedCodeCacheSize                    = 251658240                              {pd product} {ergonomic}
     bool SegmentedCodeCache                       = true                                      {product} {ergonomic}
   size_t SoftMaxHeapSize                          = 2090860544                             {manageable} {ergonomic}
     bool UseCompressedOops                        = true                           {product lp64_product} {ergonomic}
     bool UseG1GC                                  = true                                      {product} {ergonomic}
     bool UseLargePagesIndividualAllocation        = false                                  {pd product} {ergonomic}

Logging:
Log output configuration:
 #0: stdout all=warning uptime,level,tags foldmultilines=false
 #1: stderr all=off uptime,level,tags foldmultilines=false

Environment Variables:
PATH=C:/Users/Xnmt01/AppData/Local/Programs/Git/mingw64/libexec/git-core;C:/Users/Xnmt01/AppData/Local/Programs/Git/mingw64/libexec/git-core;C:\Users\Xnmt01\AppData\Local\Programs\Git\mingw64\bin;C:\Users\Xnmt01\AppData\Local\Programs\Git\usr\bin;C:\Users\Xnmt01\bin;C:\Program Files\Common Files\Oracle\Java\javapath;C:\Program Files (x86)\Common Files\Oracle\Java\java8path;C:\Program Files (x86)\Common Files\Oracle\Java\javapath;C:\Windows\system32;C:\Windows;C:\Windows\System32\Wbem;C:\Windows\System32\WindowsPowerShell\v1.0\;C:\Windows\System32\OpenSSH\;C:\Program Files\Common Files\EMC\;C:\Program Files\Intel\WiFi\bin\;C:\Program Files\Common Files\Intel\WirelessCommon\;C:\Program Files (x86)\Microsoft SQL Server\160\Tools\Binn\;C:\Program Files\Microsoft SQL Server\160\Tools\Binn\;C:\Program Files\Microsoft SQL Server\Client SDK\ODBC\170\Tools\Binn\;C:\Program Files\Microsoft SQL Server\160\DTS\Binn\;C:\Program Files (x86)\Microsoft SQL Server\160\DTS\Binn\;C:\Users\Xnmt01\AppData\Local\Microsoft\WindowsApps;C:\Users\Xnmt01\AppData\Local\Programs\Microsoft VS Code\bin;C:\ProgramData\XNMT01\GitHubDesktop\bin;C:\Users\Xnmt01\AppData\Local\Programs\Git\cmd
USERNAME=XNMT01
DISPLAY=:0.0
LC_ALL=en_US.UTF-8
TERM=xterm-256color
TMPDIR=C:\Users\Xnmt01\AppData\Local\Temp
OS=Windows_NT
PROCESSOR_IDENTIFIER=Intel64 Family 6 Model 142 Stepping 12, GenuineIntel
TMP=C:\Users\Xnmt01\AppData\Local\Temp
TEMP=C:\Users\Xnmt01\AppData\Local\Temp




Periodic native trim disabled

JNI global refs:
JNI global refs: 0, weak refs: 0

JNI global refs memory usage: 0, weak refs: 0

Process memory usage:
Resident Set Size: 16224K (0% of 8163276K total physical memory with 479132K free physical memory)

OOME stack traces (most recent first):
Classloader memory used:

---------------  S Y S T E M  ---------------

OS:
 Windows 10 , 64 bit Build 19041 (10.0.19041.3636)
OS uptime: 14 days 5:28 hours

CPU: total 8 (initial active 8) (4 cores per cpu, 2 threads per core) family 6 model 142 stepping 12 microcode 0xf0, cx8, cmov, fxsr, ht, mmx, 3dnowpref, sse, sse2, sse3, ssse3, sse4.1, sse4.2, popcnt, lzcnt, tsc, tscinvbit, avx, avx2, aes, erms, clmul, bmi1, bmi2, adx, fma, vzeroupper, clflush, clflushopt, rdtscp, f16c
Processor Information for all 8 processors :
  Max Mhz: 1992, Current Mhz: 796, Mhz Limit: 796

Memory: 4k page, system-wide physical 7971M (467M free)
TotalPageFile size 32547M (AvailPageFile size 228M)
current process WorkingSet (physical memory assigned to process): 15M, peak: 15M
current process commit charge ("private bytes"): 65M, peak: 191M

vm_info: OpenJDK 64-Bit Server VM (21.0.3+13-b509.11) for windows-amd64 JRE (21.0.3+13-b509.11), built on 2024-08-12 by "builduser" with MS VC++ 16.10 / 16.11 (VS2019)

END.
